已經開始建置於 2014/12/27 上午 07:32:27。
     1>節點 2 (Build 目標) 上的專案 "C:\Users\User\Documents\Visual Studio 2013\Projects\DMProj\DMProj\DMProj.vcxproj"。
     1>ClCompile:
         C:\Program Files (x86)\Microsoft Visual Studio 12.0\VC\bin\CL.exe /c /ZI /nologo /W3 /WX- /sdl /Od /Oy- /D _MBCS /Gm /EHsc /RTC1 /MDd /GS /fp:precise /Zc:wchar_t /Zc:forScope /Fo"Debug\\" /Fd"Debug\vc120.pdb" /Gd /TP /analyze- /errorReport:prompt edge.cpp graph.cpp main.cpp parameter.cpp
         parameter.cpp
         main.cpp
     1>c:\users\user\documents\visual studio 2013\projects\dmproj\dmproj\main.cpp(38): warning C4018: '<' : signed/unsigned 不相符
     1>c:\users\user\documents\visual studio 2013\projects\dmproj\dmproj\main.cpp(52): warning C4244: '+=' : 將 'double' 轉換為 'int'，由於類型不同，可能導致資料遺失
         graph.cpp
     1>c:\users\user\documents\visual studio 2013\projects\dmproj\dmproj\graph.cpp(33): warning C4018: '<' : signed/unsigned 不相符
     1>c:\users\user\documents\visual studio 2013\projects\dmproj\dmproj\graph.cpp(50): warning C4018: '<' : signed/unsigned 不相符
     1>c:\users\user\documents\visual studio 2013\projects\dmproj\dmproj\graph.cpp(80): warning C4018: '<' : signed/unsigned 不相符
         正在產生程式碼...
         正在編譯...
         edge.cpp
         正在產生程式碼...
       Link:
         C:\Program Files (x86)\Microsoft Visual Studio 12.0\VC\bin\link.exe /ERRORREPORT:PROMPT /OUT:"C:\Users\User\Documents\Visual Studio 2013\Projects\DMProj\Debug\DMProj.exe" /INCREMENTAL /NOLOGO kernel32.lib user32.lib gdi32.lib winspool.lib comdlg32.lib advapi32.lib shell32.lib ole32.lib oleaut32.lib uuid.lib odbc32.lib odbccp32.lib /MANIFEST /MANIFESTUAC:"level='asInvoker' uiAccess='false'" /manifest:embed /DEBUG /PDB:"C:\Users\User\Documents\Visual Studio 2013\Projects\DMProj\Debug\DMProj.pdb" /TLBID:1 /DYNAMICBASE /NXCOMPAT /IMPLIB:"C:\Users\User\Documents\Visual Studio 2013\Projects\DMProj\Debug\DMProj.lib" /MACHINE:X86 Debug\edge.obj
         Debug\main.obj
         Debug\parameter.obj
         Debug\graph.obj
         DMProj.vcxproj -> C:\Users\User\Documents\Visual Studio 2013\Projects\DMProj\Debug\DMProj.exe
     1>專案 "C:\Users\User\Documents\Visual Studio 2013\Projects\DMProj\DMProj\DMProj.vcxproj" (Build 目標) 建置完成。

建置成功。

經過時間 00:00:01.45
